9/23/2017 8:05:51 PM, Info: Initializing SIMPLSharp Services...
9/23/2017 8:05:51 PM, Info: ProjectInfo successfully initialized.
9/23/2017 8:06:20 PM, Info: Commiting verification transaction...
9/23/2017 8:06:20 PM, Info: Saving project information...
9/23/2017 8:09:43 PM, Info: Initializing SIMPLSharp Services...
9/23/2017 8:09:43 PM, Info: ProjectInfo successfully initialized.
9/23/2017 8:10:14 PM, Info: Commiting verification transaction...
9/23/2017 8:10:14 PM, Info: Saving project information...
9/23/2017 8:20:33 PM, Info: Initializing SIMPLSharp Services...
9/23/2017 8:20:33 PM, Info: ProjectInfo successfully initialized.
9/23/2017 8:21:03 PM, Info: Commiting verification transaction...
9/23/2017 8:21:03 PM, Info: Saving project information...
9/23/2017 8:21:25 PM, Info: Initializing SIMPLSharp Services...
9/23/2017 8:21:25 PM, Info: ProjectInfo successfully initialized.
9/23/2017 8:21:56 PM, Info: Commiting verification transaction...
9/23/2017 8:21:56 PM, Info: Saving project information...
9/23/2017 8:24:39 PM, Info: Initializing SIMPLSharp Services...
9/23/2017 8:24:39 PM, Info: ProjectInfo successfully initialized.
9/23/2017 8:25:20 PM, Info: Commiting verification transaction...
9/23/2017 8:25:20 PM, Info: Saving project information...
9/23/2017 8:26:09 PM, Info: Initializing SIMPLSharp Services...
9/23/2017 8:26:09 PM, Info: ProjectInfo successfully initialized.
9/23/2017 8:26:10 PM, Info: Commiting verification transaction...
9/23/2017 8:26:10 PM, Info: Saving project information...
9/23/2017 8:26:13 PM, Info: Initializing SIMPLSharp Services...
9/23/2017 8:26:13 PM, Info: ProjectInfo successfully initialized.
9/23/2017 8:26:43 PM, Info: Commiting verification transaction...
9/23/2017 8:26:43 PM, Info: Saving project information...
9/23/2017 8:26:57 PM, Info: Initializing SIMPLSharp Services...
9/23/2017 8:26:57 PM, Info: ProjectInfo successfully initialized.
9/23/2017 8:27:27 PM, Info: Commiting verification transaction...
9/23/2017 8:27:27 PM, Info: Saving project information...
9/23/2017 9:52:58 PM, Info: Terminating SIMPLSharp Services
9/23/2017 9:52:58 PM, Info: Saving project information...
9/23/2017 9:52:58 PM, Info: Terminating SIMPLSharp Services
9/23/2017 9:52:58 PM, Info: Saving project information...
9/23/2017 9:52:58 PM, Info: Terminating SIMPLSharp Services
9/23/2017 9:52:58 PM, Info: Saving project information...
9/23/2017 9:52:58 PM, Info: Terminating SIMPLSharp Services
9/23/2017 9:52:58 PM, Info: Saving project information...
9/23/2017 9:52:58 PM, Info: Terminating SIMPLSharp Services
9/23/2017 9:52:58 PM, Info: Saving project information...
9/23/2017 9:52:58 PM, Info: Terminating SIMPLSharp Services
9/23/2017 9:52:58 PM, Info: Saving project information...
9/23/2017 9:52:58 PM, Info: Terminating SIMPLSharp Services
9/23/2017 9:52:58 PM, Info: Saving project information...
9/23/2017 9:52:58 PM, Info: Terminating SIMPLSharp Services
