9/6/2017 9:47:57 PM, Info: Initializing SIMPLSharp Services...
9/6/2017 9:47:58 PM, Info: ProjectInfo successfully initialized.
9/6/2017 9:47:58 PM, Info: Verifying archive C:\Users\Patrick Liedtke\Desktop\SVN Checkout\Liedtke\HVAC\Nest_Interface_v1_4.clz...
9/6/2017 9:47:59 PM, Info: Saving project information...
9/6/2017 9:48:01 PM, Info: Commiting verification transaction...
9/6/2017 9:48:01 PM, Info: Saving project information...
9/6/2017 9:51:49 PM, Info: Initializing SIMPLSharp Services...
9/6/2017 9:51:49 PM, Info: ProjectInfo successfully initialized.
9/6/2017 9:51:49 PM, Info: Verifying archive C:\Users\Patrick Liedtke\Desktop\SVN Checkout\Liedtke\HVAC\Nest_Interface_v1_4.clz...
9/6/2017 9:51:50 PM, Info: Saving project information...
9/6/2017 9:51:51 PM, Info: Commiting verification transaction...
9/6/2017 9:51:51 PM, Info: Saving project information...
9/6/2017 9:51:53 PM, Info: Initializing SIMPLSharp Services...
9/6/2017 9:51:53 PM, Info: ProjectInfo successfully initialized.
9/6/2017 9:51:54 PM, Info: Verifying archive C:\Users\Patrick Liedtke\Desktop\SVN Checkout\Liedtke\HVAC\Nest_Interface_v1_4.clz...
9/6/2017 9:51:54 PM, Info: Saving project information...
9/6/2017 9:51:55 PM, Info: Commiting verification transaction...
9/6/2017 9:51:55 PM, Info: Saving project information...
9/6/2017 9:52:07 PM, Info: Terminating SIMPLSharp Services
9/6/2017 9:52:07 PM, Info: Saving project information...
9/6/2017 9:52:07 PM, Info: Terminating SIMPLSharp Services
9/6/2017 9:52:07 PM, Info: Saving project information...
9/6/2017 9:52:07 PM, Info: Terminating SIMPLSharp Services
