11/5/2017 9:22:12 AM, Info: Initializing SIMPLSharp Services...
11/5/2017 9:22:12 AM, Info: ProjectInfo successfully initialized.
11/5/2017 9:22:22 AM, Info: Commiting verification transaction...
11/5/2017 9:22:22 AM, Info: Saving project information...
11/5/2017 9:36:56 AM, Info: Initializing SIMPLSharp Services...
11/5/2017 9:36:56 AM, Info: ProjectInfo successfully initialized.
11/5/2017 9:37:07 AM, Info: Commiting verification transaction...
11/5/2017 9:37:07 AM, Info: Saving project information...
11/5/2017 9:45:52 AM, Info: Initializing SIMPLSharp Services...
11/5/2017 9:45:52 AM, Info: ProjectInfo successfully initialized.
11/5/2017 9:46:03 AM, Info: Commiting verification transaction...
11/5/2017 9:46:03 AM, Info: Saving project information...
11/5/2017 10:06:42 AM, Info: Initializing SIMPLSharp Services...
11/5/2017 10:06:42 AM, Info: ProjectInfo successfully initialized.
11/5/2017 10:06:52 AM, Info: Commiting verification transaction...
11/5/2017 10:06:52 AM, Info: Saving project information...
11/5/2017 10:19:04 AM, Info: Terminating SIMPLSharp Services
11/5/2017 10:19:04 AM, Info: Saving project information...
11/5/2017 10:19:04 AM, Info: Terminating SIMPLSharp Services
11/5/2017 10:19:04 AM, Info: Saving project information...
11/5/2017 10:19:04 AM, Info: Terminating SIMPLSharp Services
11/5/2017 10:19:04 AM, Info: Saving project information...
11/5/2017 10:19:04 AM, Info: Terminating SIMPLSharp Services
