10/11/2017 7:25:40 PM, Info: Initializing SIMPLSharp Services...
10/11/2017 7:25:40 PM, Info: ProjectInfo successfully initialized.
10/11/2017 7:25:53 PM, Info: Commiting verification transaction...
10/11/2017 7:25:53 PM, Info: Saving project information...
10/11/2017 7:29:36 PM, Info: Initializing SIMPLSharp Services...
10/11/2017 7:29:36 PM, Info: ProjectInfo successfully initialized.
10/11/2017 7:29:46 PM, Info: Commiting verification transaction...
10/11/2017 7:29:46 PM, Info: Saving project information...
10/11/2017 7:44:11 PM, Info: Initializing SIMPLSharp Services...
10/11/2017 7:44:11 PM, Info: ProjectInfo successfully initialized.
10/11/2017 7:44:21 PM, Info: Commiting verification transaction...
10/11/2017 7:44:21 PM, Info: Saving project information...
10/11/2017 7:44:36 PM, Info: Initializing SIMPLSharp Services...
10/11/2017 7:44:36 PM, Info: ProjectInfo successfully initialized.
10/11/2017 7:44:47 PM, Info: Commiting verification transaction...
10/11/2017 7:44:47 PM, Info: Saving project information...
10/11/2017 10:56:39 PM, Info: Terminating SIMPLSharp Services
10/11/2017 10:56:39 PM, Info: Saving project information...
10/11/2017 10:56:39 PM, Info: Terminating SIMPLSharp Services
10/11/2017 10:56:39 PM, Info: Saving project information...
10/11/2017 10:56:39 PM, Info: Terminating SIMPLSharp Services
10/11/2017 10:56:39 PM, Info: Saving project information...
10/11/2017 10:56:39 PM, Info: Terminating SIMPLSharp Services
